<?xml version="1.0" encoding="UTF-8"?>
<!-- Generated by org.testng.reporters.JUnitXMLReporter -->
<testsuite hostname="Nilesh-Laptop" ignored="2" tests="1" failures="0" timestamp="13 Mar 2019 20:48:17 GMT" time="8.931" errors="0">
  <testcase name="test01" time="8.878" classname="LoginTest"/>
  <testcase name="test02" time="0.0" classname="LoginTest">
    <ignored/>
  </testcase> <!-- test02 -->
  <testcase name="test03" time="0.0" classname="LoginTest">
    <ignored/>
  </testcase> <!-- test03 -->
</testsuite>
